<?xml version="1.0" encoding="UTF-8"?>
<!-- Generated by org.testng.reporters.JUnitReportReporter -->
<testsuite hostname="Mahbubs-MBP-2.lan" failures="0" tests="1" name="runners.TestRunner" time="67.784" errors="0" timestamp="7 Mar 2024 00:48:28 GMT">
  <testcase classname="runners.TestRunner" name="runScenario" time="67.784"/>
</testsuite> <!-- runners.TestRunner -->
