<?xml version="1.0" encoding="UTF-8"?>
<!-- Generated by org.testng.reporters.JUnitReportReporter -->
<testsuite hostname="Mahbubs-MBP-2.lan" failures="0" tests="2" name="runners.TestRunner" time="0.077" errors="0" timestamp="24 Feb 2024 21:36:02 GMT">
  <testcase classname="runners.TestRunner" name="runScenario" time="0.005"/>
  <testcase classname="runners.TestRunner" name="runScenario" time="0.072"/>
</testsuite> <!-- runners.TestRunner -->
